<?xml version="1.0" encoding="UTF-8"?>
<!-- Generated by org.testng.reporters.JUnitXMLReporter -->
<testsuite ignored="0" hostname="Mukul" failures="0" tests="2" name="Default test" time="0.077" errors="0" timestamp="2025-04-27T23:50:44 IST">
  <testcase classname="class_56_DataProviderAnnotation_InTestNG.TestCaseUsingDataProvider" name="testcase1" time="0.012"/>
  <testcase classname="class_56_DataProviderAnnotation_InTestNG.TestCaseUsingDataProvider" name="testcase1" time="0.001"/>
</testsuite> <!-- Default test -->
