<?xml version="1.0" encoding="UTF-8"?>
<!-- Generated by org.testng.reporters.JUnitXMLReporter -->
<testsuite ignored="0" hostname="Mukul" failures="0" tests="3" name="Default test" time="0.104" errors="0" timestamp="2025-04-26T10:36:21 IST">
  <testcase classname="class_52_Parameters_InTest_DifferentAnnotationsInTestNG.Annotation_OrderOfExecution_Test_Test_AM_Test_AS_BC" name="test1" time="0.008"/>
  <testcase classname="class_52_Parameters_InTest_DifferentAnnotationsInTestNG.Annotation_OrderOfExecution_Test_Test_AM_Test_AS_BC" name="test2" time="0.001"/>
  <testcase classname="class_52_Parameters_InTest_DifferentAnnotationsInTestNG.Annotation_OrderOfExecution_Test_Test_AM_Test_AS_BC" name="test3" time="0.002"/>
</testsuite> <!-- Default test -->
