<?xml version="1.0" encoding="UTF-8"?>
<!-- Generated by org.testng.reporters.JUnitXMLReporter -->
<testsuite ignored="12" hostname="Mukul" failures="0" tests="3" name="Performance Test" time="0.1" errors="0" timestamp="2025-04-26T12:58:13 IST">
  <testcase classname="Chandan_Maven_ProjectAssignments.Selenium.Grouping_With_15_TestCases" name="testcase1" time="0.009"/>
  <testcase classname="Chandan_Maven_ProjectAssignments.Selenium.Grouping_With_15_TestCases" name="testcase2" time="0.001"/>
  <testcase classname="Chandan_Maven_ProjectAssignments.Selenium.Grouping_With_15_TestCases" name="testcase7" time="0.002"/>
  <testcase classname="Chandan_Maven_ProjectAssignments.Selenium.Grouping_With_15_TestCases" name="testcase3" time="0.0">
    <ignored/>
  </testcase> <!-- testcase3 -->
  <testcase classname="Chandan_Maven_ProjectAssignments.Selenium.Grouping_With_15_TestCases" name="testcase6" time="0.0">
    <ignored/>
  </testcase> <!-- testcase6 -->
  <testcase classname="Chandan_Maven_ProjectAssignments.Selenium.Grouping_With_15_TestCases" name="testcase4" time="0.0">
    <ignored/>
  </testcase> <!-- testcase4 -->
  <testcase classname="Chandan_Maven_ProjectAssignments.Selenium.Grouping_With_15_TestCases" name="testcase5" time="0.0">
    <ignored/>
  </testcase> <!-- testcase5 -->
  <testcase classname="Chandan_Maven_ProjectAssignments.Selenium.Grouping_With_15_TestCases" name="testcase15" time="0.0">
    <ignored/>
  </testcase> <!-- testcase15 -->
  <testcase classname="Chandan_Maven_ProjectAssignments.Selenium.Grouping_With_15_TestCases" name="testcase14" time="0.0">
    <ignored/>
  </testcase> <!-- testcase14 -->
  <testcase classname="Chandan_Maven_ProjectAssignments.Selenium.Grouping_With_15_TestCases" name="testcase13" time="0.0">
    <ignored/>
  </testcase> <!-- testcase13 -->
  <testcase classname="Chandan_Maven_ProjectAssignments.Selenium.Grouping_With_15_TestCases" name="testcase8" time="0.0">
    <ignored/>
  </testcase> <!-- testcase8 -->
  <testcase classname="Chandan_Maven_ProjectAssignments.Selenium.Grouping_With_15_TestCases" name="testcase12" time="0.0">
    <ignored/>
  </testcase> <!-- testcase12 -->
  <testcase classname="Chandan_Maven_ProjectAssignments.Selenium.Grouping_With_15_TestCases" name="testcase9" time="0.0">
    <ignored/>
  </testcase> <!-- testcase9 -->
  <testcase classname="Chandan_Maven_ProjectAssignments.Selenium.Grouping_With_15_TestCases" name="testcase11" time="0.0">
    <ignored/>
  </testcase> <!-- testcase11 -->
  <testcase classname="Chandan_Maven_ProjectAssignments.Selenium.Grouping_With_15_TestCases" name="testcase10" time="0.0">
    <ignored/>
  </testcase> <!-- testcase10 -->
</testsuite> <!-- Performance Test -->
