<?xml version="1.0" encoding="UTF-8"?>
<!-- Generated by org.testng.reporters.JUnitXMLReporter -->
<testsuite ignored="0" hostname="Mukul" failures="0" tests="3" name="Test" time="0.107" errors="0" timestamp="2025-04-25T11:12:37 IST">
  <testcase classname="class_51_MavenStarted.Class_51_Two" name="testcase2" time="0.024"/>
  <testcase classname="class_51_MavenStarted.Class_51_Three" name="testcase3" time="0.002"/>
  <testcase classname="class_51_MavenStarted.Class_51_One" name="testcase1" time="0.002"/>
</testsuite> <!-- Test -->
