<?xml version="1.0" encoding="UTF-8"?>
<!-- Generated by org.testng.reporters.JUnitXMLReporter -->
<testsuite ignored="0" hostname="Mukul" failures="0" tests="4" name="Testing in Edge" time="54.952" errors="0" timestamp="2025-04-27T23:16:16 IST">
  <testcase classname="Class55_CrossBrowserParalllelTestingAssignment.TestCase4" name="search_India" time="1.244"/>
  <testcase classname="Class55_CrossBrowserParalllelTestingAssignment.TestCase3" name="search_myntra" time="3.442"/>
  <testcase classname="Class55_CrossBrowserParalllelTestingAssignment.TestCase2" name="search_Google" time="1.548"/>
  <testcase classname="Class55_CrossBrowserParalllelTestingAssignment.TestCase1" name="searchmobile" time="0.533"/>
</testsuite> <!-- Testing in Edge -->
