<?xml version="1.0" encoding="UTF-8"?>
<!-- Generated by org.testng.reporters.JUnitXMLReporter -->
<testsuite ignored="0" hostname="Mukul" failures="0" tests="4" name="Testing in Chrome" time="22.136" errors="0" timestamp="2025-04-27T22:49:08 IST">
  <testcase classname="Class55_CrossBrowserParalllelTestingAssignment.TestCase4" name="search_India" time="0.21"/>
  <testcase classname="Class55_CrossBrowserParalllelTestingAssignment.TestCase3" name="search_myntra" time="0.122"/>
  <testcase classname="Class55_CrossBrowserParalllelTestingAssignment.TestCase2" name="search_Google" time="0.208"/>
  <testcase classname="Class55_CrossBrowserParalllelTestingAssignment.TestCase1" name="searchmobile" time="0.188"/>
</testsuite> <!-- Testing in Chrome -->
