<?xml version="1.0" encoding="UTF-8"?>
<!-- Generated by org.testng.reporters.JUnitXMLReporter -->
<testsuite ignored="0" hostname="Mukul" failures="0" tests="4" name="Testing in Firefox" time="33.834" errors="0" timestamp="2025-04-27T22:50:16 IST">
  <testcase classname="Class55_CrossBrowserParalllelTestingAssignment.TestCase4" name="search_India" time="0.267"/>
  <testcase classname="Class55_CrossBrowserParalllelTestingAssignment.TestCase3" name="search_myntra" time="0.18"/>
  <testcase classname="Class55_CrossBrowserParalllelTestingAssignment.TestCase2" name="search_Google" time="0.268"/>
  <testcase classname="Class55_CrossBrowserParalllelTestingAssignment.TestCase1" name="searchmobile" time="0.304"/>
</testsuite> <!-- Testing in Firefox -->
