<?xml version="1.0" encoding="UTF-8"?>
<!-- Generated by org.testng.reporters.JUnitXMLReporter -->
<testsuite ignored="0" hostname="Mukul" failures="0" tests="5" name="Testing on Firefox" time="51.654" errors="0" timestamp="2025-04-27T12:47:41 IST">
  <testcase classname="Chandan_Maven_ProjectAssignments.Selenium.Parameters_Annotation_With_5_Classes" name="google_search_Ayodhya" time="11.696"/>
  <testcase classname="Chandan_Maven_ProjectAssignments.Selenium.Parameters_Annotation_With_5_Classes" name="google_search_Gorakhpur" time="9.019"/>
  <testcase classname="Chandan_Maven_ProjectAssignments.Selenium.Parameters_Annotation_With_5_Classes" name="google_search_Noida" time="9.28"/>
  <testcase classname="Chandan_Maven_ProjectAssignments.Selenium.Parameters_Annotation_With_5_Classes" name="google_search_bangalore" time="10.464"/>
  <testcase classname="Chandan_Maven_ProjectAssignments.Selenium.Parameters_Annotation_With_5_Classes" name="google_search_india" time="11.159"/>
</testsuite> <!-- Testing on Firefox -->
