<?xml version="1.0" encoding="UTF-8"?>
<!-- Generated by org.testng.reporters.JUnitXMLReporter -->
<testsuite ignored="0" hostname="Mukul" failures="0" tests="5" name="Testing on Firefox" time="48.624" errors="0" timestamp="2025-04-27T12:59:02 IST">
  <testcase classname="Chandan_Maven_ProjectAssignments.Selenium.Parameters_Annotation_With_5_Classes" name="google_search_Ayodhya" time="11.019"/>
  <testcase classname="Chandan_Maven_ProjectAssignments.Selenium.Parameters_Annotation_With_5_Classes" name="google_search_Gorakhpur" time="9.679"/>
  <testcase classname="Chandan_Maven_ProjectAssignments.Selenium.Parameters_Annotation_With_5_Classes" name="google_search_Noida" time="8.511"/>
  <testcase classname="Chandan_Maven_ProjectAssignments.Selenium.Parameters_Annotation_With_5_Classes" name="google_search_bangalore" time="9.828"/>
  <testcase classname="Chandan_Maven_ProjectAssignments.Selenium.Parameters_Annotation_With_5_Classes" name="google_search_india" time="9.56"/>
</testsuite> <!-- Testing on Firefox -->
