<?xml version="1.0" encoding="UTF-8"?>
<!-- Generated by org.testng.reporters.JUnitXMLReporter -->
<testsuite ignored="0" hostname="Mukul" failures="0" tests="4" name="Testing in Firefox" time="63.841" errors="0" timestamp="2025-04-27T23:16:25 IST">
  <testcase classname="Class55_CrossBrowserParalllelTestingAssignment.TestCase4" name="search_India" time="0.371"/>
  <testcase classname="Class55_CrossBrowserParalllelTestingAssignment.TestCase3" name="search_myntra" time="0.589"/>
  <testcase classname="Class55_CrossBrowserParalllelTestingAssignment.TestCase2" name="search_Google" time="0.649"/>
  <testcase classname="Class55_CrossBrowserParalllelTestingAssignment.TestCase1" name="searchmobile" time="0.242"/>
</testsuite> <!-- Testing in Firefox -->
