<?xml version="1.0" encoding="UTF-8"?>
<!-- Generated by org.testng.reporters.JUnitXMLReporter -->
<testsuite ignored="0" hostname="Mukul" failures="0" tests="5" name="Testing on Edge" time="44.142" errors="0" timestamp="2025-04-27T12:59:46 IST">
  <testcase classname="Chandan_Maven_ProjectAssignments.Selenium.Parameters_Annotation_With_5_Classes" name="google_search_Ayodhya" time="7.481"/>
  <testcase classname="Chandan_Maven_ProjectAssignments.Selenium.Parameters_Annotation_With_5_Classes" name="google_search_Gorakhpur" time="7.376"/>
  <testcase classname="Chandan_Maven_ProjectAssignments.Selenium.Parameters_Annotation_With_5_Classes" name="google_search_Noida" time="9.264"/>
  <testcase classname="Chandan_Maven_ProjectAssignments.Selenium.Parameters_Annotation_With_5_Classes" name="google_search_bangalore" time="10.233"/>
  <testcase classname="Chandan_Maven_ProjectAssignments.Selenium.Parameters_Annotation_With_5_Classes" name="google_search_india" time="9.761"/>
</testsuite> <!-- Testing on Edge -->
