<?xml version="1.0" encoding="UTF-8"?>
<!-- Generated by org.testng.reporters.JUnitXMLReporter -->
<testsuite ignored="0" hostname="Mukul" failures="0" tests="4" name="Testing in Edge" time="34.339" errors="0" timestamp="2025-04-27T22:49:42 IST">
  <testcase classname="Class55_CrossBrowserParalllelTestingAssignment.TestCase4" name="search_India" time="0.174"/>
  <testcase classname="Class55_CrossBrowserParalllelTestingAssignment.TestCase3" name="search_myntra" time="0.202"/>
  <testcase classname="Class55_CrossBrowserParalllelTestingAssignment.TestCase2" name="search_Google" time="0.205"/>
  <testcase classname="Class55_CrossBrowserParalllelTestingAssignment.TestCase1" name="searchmobile" time="0.349"/>
</testsuite> <!-- Testing in Edge -->
