<?xml version="1.0" encoding="UTF-8"?>
<!-- Generated by org.testng.reporters.JUnitXMLReporter -->
<testsuite ignored="0" hostname="Mukul" failures="0" tests="3" name="Test" time="61.877" errors="0" timestamp="2025-04-26T12:16:45 IST">
  <testcase classname="class_53_UseTwoAnnotationTogether_Grouping_In_TestNG.TestCase1" name="searching_the_product" time="0.917"/>
  <testcase classname="class_53_UseTwoAnnotationTogether_Grouping_In_TestNG.TestCase2" name="searching_click_1stproduct" time="14.247"/>
  <testcase classname="class_53_UseTwoAnnotationTogether_Grouping_In_TestNG.TestCase3" name="Searching_1st_Product_Cart" time="23.317"/>
</testsuite> <!-- Test -->
