<?xml version="1.0" encoding="UTF-8"?>
<!-- Generated by org.testng.reporters.JUnitXMLReporter -->
<testsuite ignored="1" hostname="Mukul" failures="0" tests="3" name="Test" time="0.085" errors="0" timestamp="2025-04-26T12:35:59 IST">
  <testcase classname="class_53_GroupingInTestNG.Grouping_inTestNg" name="TSID_01" time="0.015"/>
  <testcase classname="class_53_GroupingInTestNG.Grouping_inTestNg" name="TSID_02" time="0.001"/>
  <testcase classname="class_53_GroupingInTestNG.Grouping_inTestNg" name="TSID_03" time="0.001"/>
  <testcase classname="class_53_GroupingInTestNG.Grouping_inTestNg" name="TSID_04" time="0.0">
    <ignored/>
  </testcase> <!-- TSID_04 -->
</testsuite> <!-- Test -->
