<?xml version="1.0" encoding="UTF-8"?>
<!-- Generated by org.testng.reporters.JUnitXMLReporter -->
<testsuite ignored="3" hostname="Mukul" failures="0" tests="1" name="Regression Test" time="0.066" errors="0" timestamp="2025-04-26T12:41:05 IST">
  <testcase classname="class_53_GroupingInTestNG.Grouping_inTestNg" name="TSID_04" time="0.008"/>
  <testcase classname="class_53_GroupingInTestNG.Grouping_inTestNg" name="TSID_02" time="0.0">
    <ignored/>
  </testcase> <!-- TSID_02 -->
  <testcase classname="class_53_GroupingInTestNG.Grouping_inTestNg" name="TSID_01" time="0.0">
    <ignored/>
  </testcase> <!-- TSID_01 -->
  <testcase classname="class_53_GroupingInTestNG.Grouping_inTestNg" name="TSID_03" time="0.0">
    <ignored/>
  </testcase> <!-- TSID_03 -->
</testsuite> <!-- Regression Test -->
