<?xml version="1.0" encoding="UTF-8"?>
<testng-results ignored="0" total="1" passed="1" failed="0" skipped="0">
  <reporter-output>
  </reporter-output>
  <suite started-at="2025-05-06T15:50:13 IST" name="Default suite" finished-at="2025-05-06T15:50:17 IST" duration-ms="4048">
    <groups>
    </groups>
    <test started-at="2025-05-06T15:50:13 IST" name="Default test" finished-at="2025-05-06T15:50:17 IST" duration-ms="4048">
      <class name="class_75_Find_Dimensions_Of_Components_Find_XpathUsing_And_Or_Operators.FindDimensions">
        <test-method signature="FindDimension()[pri:0, instance:class_75_Find_Dimensions_Of_Components_Find_XpathUsing_And_Or_Operators.FindDimensions@26d9b808]" started-at="2025-05-06T15:50:13 IST" name="FindDimension" finished-at="2025-05-06T15:50:17 IST" duration-ms="3979" status="PASS">
          <reporter-output>
          </reporter-output>
        </test-method> <!-- FindDimension -->
      </class> <!-- class_75_Find_Dimensions_Of_Components_Find_XpathUsing_And_Or_Operators.FindDimensions -->
    </test> <!-- Default test -->
  </suite> <!-- Default suite -->
</testng-results>
