<?xml version="1.0" encoding="UTF-8"?>
<!-- Generated by org.testng.reporters.JUnitReportReporter -->
<testsuite hostname="Mukul" failures="0" tests="1" name="class_54_LaunchBrowserInGeneric_ParametersAnnotationInTestNG.SwitchCase" time="6.533" errors="0" timestamp="2025-10-31T11:48:58 IST" skipped="0">
  <testcase classname="class_54_LaunchBrowserInGeneric_ParametersAnnotationInTestNG.SwitchCase" name="testcase1" time="6.533"/>
</testsuite> <!-- class_54_LaunchBrowserInGeneric_ParametersAnnotationInTestNG.SwitchCase -->
