<?xml version="1.0" encoding="UTF-8"?>
<!-- Generated by org.testng.reporters.JUnitReportReporter -->
<testsuite hostname="Mukul" failures="0" tests="10" name="class_57_DataProviderTwoDimensional.DataProviderInTestNG_SingleDimension" time="0.024" errors="0" timestamp="2026-04-09T12:03:00 IST" skipped="0">
  <testcase classname="class_57_DataProviderTwoDimensional.DataProviderInTestNG_SingleDimension" name="testcase2" time="0.002"/>
  <testcase classname="class_57_DataProviderTwoDimensional.DataProviderInTestNG_SingleDimension" name="testcase1" time="0.002"/>
  <testcase classname="class_57_DataProviderTwoDimensional.DataProviderInTestNG_SingleDimension" name="testcase1" time="0.001"/>
  <testcase classname="class_57_DataProviderTwoDimensional.DataProviderInTestNG_SingleDimension" name="testcase2" time="0.002"/>
  <testcase classname="class_57_DataProviderTwoDimensional.DataProviderInTestNG_SingleDimension" name="testcase1" time="0.007"/>
  <testcase classname="class_57_DataProviderTwoDimensional.DataProviderInTestNG_SingleDimension" name="testcase2" time="0.002"/>
  <testcase classname="class_57_DataProviderTwoDimensional.DataProviderInTestNG_SingleDimension" name="testcase2" time="0.002"/>
  <testcase classname="class_57_DataProviderTwoDimensional.DataProviderInTestNG_SingleDimension" name="testcase1" time="0.002"/>
  <testcase classname="class_57_DataProviderTwoDimensional.DataProviderInTestNG_SingleDimension" name="testcase1" time="0.002"/>
  <testcase classname="class_57_DataProviderTwoDimensional.DataProviderInTestNG_SingleDimension" name="testcase2" time="0.002"/>
</testsuite> <!-- class_57_DataProviderTwoDimensional.DataProviderInTestNG_SingleDimension -->
