<?xml version="1.0" encoding="UTF-8"?>
<!-- Generated by org.testng.reporters.JUnitReportReporter -->
<testsuite hostname="Mukul" failures="0" tests="1" name="class_52_Parameters_InTest_DifferentAnnotationsInTestNG.DifferentAnnotationInTestNG" time="0.007" errors="0" timestamp="2025-07-07T22:03:13 IST" skipped="0">
  <testcase classname="class_52_Parameters_InTest_DifferentAnnotationsInTestNG.DifferentAnnotationInTestNG" name="testcase1" time="0.007"/>
</testsuite> <!-- class_52_Parameters_InTest_DifferentAnnotationsInTestNG.DifferentAnnotationInTestNG -->
