<?xml version="1.0" encoding="UTF-8"?>
<!-- Generated by org.testng.reporters.JUnitReportReporter -->
<testsuite hostname="Mukul" failures="0" tests="1" name="class_54_LaunchBrowserInGeneric_ParametersAnnotationInTestNG.LaunchBrowserInGenericWay" time="9.708" errors="0" timestamp="2025-10-31T11:47:13 IST" skipped="0">
  <testcase classname="class_54_LaunchBrowserInGeneric_ParametersAnnotationInTestNG.LaunchBrowserInGenericWay" name="testcase1" time="9.708"/>
</testsuite> <!-- class_54_LaunchBrowserInGeneric_ParametersAnnotationInTestNG.LaunchBrowserInGenericWay -->
